<?xml version="1.0" encoding="UTF-8"?>
<testsuite xmlns:xsi="http://www.w3.org/2001/XMLSchema-instance" xsi:noNamespaceSchemaLocation="https://maven.apache.org/surefire/maven-surefire-plugin/xsd/surefire-test-report.xsd" name="se.kth.iv1350.amazingpos.startup.MainTest" time="0.052" tests="1" errors="1" skipped="0" failures="0">
  <properties>
[...]
</properties>
  <testcase name="testMain" classname="se.kth.iv1350.amazingpos.startup.MainTest" time="0.032">
    <error type="java.lang.StackOverflowError">java.lang.StackOverflowError
</error>
  </testcase>
</testsuite>